INFO:root:Starting workGDB... 2019-07-16 10:11:50
INFO:root:Downloading data... 2019-07-16 10:12:06
INFO:root:Creating feature classes... 2019-07-16 10:12:12
INFO:root:Deploying... 2019-07-16 10:12:19
INFO:root:Starting workGDB... 2019-07-16 10:20:02
INFO:root:Downloading data... 2019-07-16 10:20:05
INFO:root:Creating feature classes... 2019-07-16 10:20:12
INFO:root:Deploying... 2019-07-16 10:20:18
INFO:root:Done! 2019-07-16 10:20:18
INFO:root:Starting workGDB... 2019-07-16 11:09:51
INFO:root:Downloading data... 2019-07-16 11:09:55
INFO:root:Creating feature classes... 2019-07-16 11:10:05
INFO:root:Deploying... 2019-07-16 11:10:11
INFO:root:Done! 2019-07-16 11:10:11
INFO:root:Starting workGDB... 2019-07-16 11:12:06
INFO:root:Downloading data... 2019-07-16 11:12:10
INFO:root:Creating feature classes... 2019-07-16 11:12:16
INFO:root:Deploying... 2019-07-16 11:12:23
INFO:root:Done! 2019-07-16 11:12:23
INFO:root:Starting workGDB... 2019-07-16 12:04:48
INFO:root:Downloading data... 2019-07-16 12:04:52
INFO:root:Creating feature classes... 2019-07-16 12:05:02
INFO:root:Deploying... 2019-07-16 12:05:08
INFO:root:Done! 2019-07-16 12:05:08
INFO:root:Starting workGDB... 2019-07-16 12:08:18
INFO:root:Downloading data... 2019-07-16 12:08:22
INFO:root:Creating feature classes... 2019-07-16 12:08:30
INFO:root:Deploying... 2019-07-16 12:08:36
INFO:root:Done! 2019-07-16 12:08:36
